\BOOKMARK [0][]{chapter*.6}{INTRODUCCI\323N}{}% 1
\BOOKMARK [0][]{chapter.1}{FUNDAMENTOS TE\323RICOS}{}% 2
\BOOKMARK [1][]{section.1.1}{SERIES DE TIEMPO}{chapter.1}% 3
\BOOKMARK [2][]{subsection.1.1.1}{Componentes}{section.1.1}% 4
\BOOKMARK [2][]{subsection.1.1.2}{An\341lisis Grafico de una Serie de Tiempo}{section.1.1}% 5
\BOOKMARK [2][]{subsection.1.1.3}{Suavizar la Serie de Tiempo}{section.1.1}% 6
\BOOKMARK [1][]{section.1.2}{Bases de Datos Espacio-Temporales}{chapter.1}% 7
\BOOKMARK [1][]{section.1.3}{T\351cnicas de Regresi\363n}{chapter.1}% 8
\BOOKMARK [1][]{section.1.4}{Redes Neuronales}{chapter.1}% 9
\BOOKMARK [1][]{section.1.5}{Interpolaci\363n Espacial}{chapter.1}% 10
\BOOKMARK [1][]{section.1.6}{Miner\355a de Datos}{chapter.1}% 11
\BOOKMARK [0][]{chapter.2}{TRABAJOS RELACIONADOS}{}% 12
\BOOKMARK [0][]{chapter.3}{METODOLOG\315A}{}% 13
\BOOKMARK [1][]{section.3.1}{Identificar y Adquirir Im\341genes Satelitales}{chapter.3}% 14
\BOOKMARK [1][]{section.3.2}{Procesar y Almacenar Informaci\363n}{chapter.3}% 15
\BOOKMARK [1][]{section.3.3}{Selecci\363n, Aplicaci\363n del Modelo de Regresi\363n y Construcci\363n de Serie de Tiempo}{chapter.3}% 16
\BOOKMARK [1][]{section.3.4}{Mapas de Radiaci\363n Aplicando Interpolaci\363n Espacial}{chapter.3}% 17
\BOOKMARK [1][]{section.3.5}{Detecci\363n de Patrones Secuenciales}{chapter.3}% 18
\BOOKMARK [1][]{section.3.6}{Comportamiento de Nubes}{chapter.3}% 19
\BOOKMARK [0][]{chapter.4}{VALIDACI\323N DE LA INFORMACI\323N CON ESTACIONES ACTIVAS}{}% 20
\BOOKMARK [0][]{chapter.5}{AN\301LISIS DE RESULTADOS}{}% 21
\BOOKMARK [1][]{section.5.1}{An\341lisis de Patr\363n y Nubes en un punto Espec\355fico}{chapter.5}% 22
\BOOKMARK [0][]{chapter.6}{ CONCLUSIONES}{}% 23
\BOOKMARK [0][]{chapter.7}{TRABAJOS FUTUROS}{}% 24
\BOOKMARK [0][]{chapter*.7}{REFERENCIAS}{}% 25
\BOOKMARK [0][]{chapter*.8}{ANEXOS}{}% 26
